info it worked if it ends with ok
verbose cli [ 'node', '/usr/bin/npm', 'install', '-g', 'meduza' ]
info using npm@1.1.4
info using node@v0.6.12
verbose config file /home/vagrant/.npmrc
verbose config file /usr/etc/npmrc
verbose config file /usr/share/npm/npmrc
silly exec /usr/bin/node "/usr/share/npm/bin/npm-get-uid-gid.js" "nobody" 1000
silly spawning [ '/usr/bin/node',
silly spawning   [ '/usr/share/npm/bin/npm-get-uid-gid.js', 'nobody', 1000 ],
silly spawning   null ]
silly output from getuid/gid {"uid":65534,"gid":1000}
silly output from getuid/gid 
verbose cache add [ 'meduza', null ]
silly cache add: name, spec, args [ undefined, 'meduza', [ 'meduza', null ] ]
verbose parsed url { pathname: 'meduza', path: 'meduza', href: 'meduza' }
verbose addNamed [ 'meduza', '' ]
verbose addNamed [ null, '' ]
silly name, range, hasData [ 'meduza', '', false ]
verbose raw, before any munging meduza
verbose url resolving [ 'http://registry.npmjs.org/', './meduza' ]
verbose url resolved http://registry.npmjs.org/meduza
verbose etag "95580E8KO3F93DR5WB7O0EBS6"
http GET http://registry.npmjs.org/meduza
http 304 http://registry.npmjs.org/meduza
silly get cb [ 304,
silly get cb   { date: 'Sun, 28 Jun 2015 17:55:33 GMT',
silly get cb     via: '1.1 varnish',
silly get cb     'cache-control': 'max-age=60',
silly get cb     etag: '"95580E8KO3F93DR5WB7O0EBS6"',
silly get cb     age: '0',
silly get cb     connection: 'keep-alive',
silly get cb     'x-served-by': 'cache-dfw1827-DFW',
silly get cb     'x-cache': 'MISS',
silly get cb     'x-cache-hits': '0',
silly get cb     'x-timer': 'S1435514133.160736,VS0,VE86',
silly get cb     vary: 'Accept' } ]
verbose etag meduza from cache
silly name, range, hasData 2 [ 'meduza', '', true ]
silly versions [ 'meduza',
silly versions   [ '1.0.0',
silly versions     '1.0.2',
silly versions     '1.0.3',
silly versions     '1.0.4',
silly versions     '1.0.5',
silly versions     '1.0.6',
silly versions     '1.0.7',
silly versions     '1.0.8',
silly versions     '1.1.0',
silly versions     '1.1.1',
silly versions     '1.1.2',
silly versions     '1.1.3',
silly versions     '1.1.4',
silly versions     '1.1.5',
silly versions     '1.1.6',
silly versions     '1.1.7',
silly versions     '1.2.0',
silly versions     '1.2.1',
silly versions     '1.2.2',
silly versions     '1.2.3' ] ]
verbose bin dist [ '0.6-ares1.7.5-evundefined-openssl1.0.1-v83.7.12.22-linux-ia32-3.2.0-23-generic-pae',
verbose bin dist   { shasum: 'b43666d84306799241e50684123a42f795741495',
verbose bin dist     tarball: 'http://registry.npmjs.org/meduza/-/meduza-1.2.3.tgz' } ]
verbose caching /home/vagrant/.npm/meduza/1.2.3/package/package.json
verbose loadDefaults meduza@1.2.3
silly resolved [ { name: 'meduza',
silly resolved     version: '1.2.3',
silly resolved     description: 'Simple Meduza(meduza.io) terminal client',
silly resolved     main: 'meduza.js',
silly resolved     dependencies: 
silly resolved      { cheerio: '^0.19.0',
silly resolved        'cli-color': '^1.0.0',
silly resolved        'cli-spinner': '^0.2.1',
silly resolved        'html-to-text': '^1.3.0',
silly resolved        moment: '^2.10.3',
silly resolved        restler: '^3.2.2',
silly resolved        wordwrap: '^1.0.0',
silly resolved        yargs: '^3.9.1' },
silly resolved     preferGlobal: 'true',
silly resolved     bin: { meduza: 'meduza.js' },
silly resolved     repository: { type: 'git', url: 'git+https://github.com/ozio/meduza.git' },
silly resolved     keywords: [ 'meduza', 'news' ],
silly resolved     author: { name: 'Nikolay Solovyov', email: 'i@mr-ozio.ru' },
silly resolved     license: 'MIT',
silly resolved     bugs: { url: 'https://github.com/ozio/meduza/issues' },
silly resolved     homepage: 'https://github.com/ozio/meduza#readme',
silly resolved     _id: 'meduza@1.2.3',
silly resolved     devDependencies: {},
silly resolved     optionalDependencies: {},
silly resolved     engines: { node: '*' },
silly resolved     _engineSupported: true,
silly resolved     _npmVersion: '1.1.4',
silly resolved     _nodeVersion: 'v0.6.12',
silly resolved     _defaultsLoaded: true,
silly resolved     _from: 'meduza',
silly resolved     scripts: {} } ]
info into /usr/local/lib meduza@1.2.3
info installOne meduza@1.2.3
verbose from cache /home/vagrant/.npm/meduza/1.2.3/package/package.json
info unbuild /usr/local/lib/node_modules/meduza
verbose mkdir (expected) error ENOENT, no such file or directory '/usr/local/lib/node_modules'
verbose mkdir (expected) error ENOENT, no such file or directory '/usr/local/lib/node_modules/___meduza.npm'
verbose mkdir done: /usr/local/lib/node_modules/___meduza.npm 755
verbose unpack_ uid, gid [ 65534, 1000 ]
verbose unpackTarget /usr/local/lib/node_modules/meduza
silly gunzTarPerm modes [ '755', '644' ]
silly afterUntar ok
silly asyncMap in gTP /usr/local/lib/node_modules/___meduza.npm/package
silly asyncMap in gTP /usr/local/lib/node_modules/___meduza.npm/package/readme.md
silly asyncMap in gTP /usr/local/lib/node_modules/___meduza.npm/package/LICENSE
silly asyncMap in gTP /usr/local/lib/node_modules/___meduza.npm/package/meduza.js
silly asyncMap in gTP /usr/local/lib/node_modules/___meduza.npm/package/.npmignore
silly asyncMap in gTP /usr/local/lib/node_modules/___meduza.npm/package/package.json
verbose gunzed /usr/local/lib/node_modules/___meduza.npm/package
verbose rm'ed /usr/local/lib/node_modules/meduza
verbose renamed [ '/usr/local/lib/node_modules/___meduza.npm/package',
verbose renamed   '/usr/local/lib/node_modules/meduza' ]
verbose caching /usr/local/lib/node_modules/meduza/package.json
verbose loadDefaults meduza@1.2.3
info preinstall meduza@1.2.3
verbose from cache /usr/local/lib/node_modules/meduza/package.json
verbose readDependencies: using package.json deps
verbose from cache /usr/local/lib/node_modules/meduza/package.json
verbose readDependencies: using package.json deps
verbose cache add [ 'cheerio@^0.19.0', null ]
silly cache add: name, spec, args [ undefined, 'cheerio@^0.19.0', [ 'cheerio@^0.19.0', null ] ]
verbose parsed url { pathname: 'cheerio@^0.19.0',
verbose parsed url   path: 'cheerio@^0.19.0',
verbose parsed url   href: 'cheerio@^0.19.0' }
silly cache add: name, spec, args [ 'cheerio', '^0.19.0', [ 'cheerio', '^0.19.0' ] ]
verbose parsed url { pathname: '^0.19.0', path: '^0.19.0', href: '^0.19.0' }
verbose addNamed [ 'cheerio', '^0.19.0' ]
verbose addNamed [ null, null ]
info addNameTag [ 'cheerio', '^0.19.0' ]
verbose cache add [ 'cli-color@^1.0.0', null ]
silly cache add: name, spec, args [ undefined, 'cli-color@^1.0.0', [ 'cli-color@^1.0.0', null ] ]
verbose parsed url { pathname: 'cli-color@^1.0.0',
verbose parsed url   path: 'cli-color@^1.0.0',
verbose parsed url   href: 'cli-color@^1.0.0' }
silly cache add: name, spec, args [ 'cli-color', '^1.0.0', [ 'cli-color', '^1.0.0' ] ]
verbose parsed url { pathname: '^1.0.0', path: '^1.0.0', href: '^1.0.0' }
verbose addNamed [ 'cli-color', '^1.0.0' ]
verbose addNamed [ null, null ]
info addNameTag [ 'cli-color', '^1.0.0' ]
verbose raw, before any munging cheerio
verbose url resolving [ 'http://registry.npmjs.org/', './cheerio' ]
verbose url resolved http://registry.npmjs.org/cheerio
http GET http://registry.npmjs.org/cheerio
verbose raw, before any munging cli-color
verbose url resolving [ 'http://registry.npmjs.org/', './cli-color' ]
verbose url resolved http://registry.npmjs.org/cli-color
http GET http://registry.npmjs.org/cli-color
verbose cache add [ 'cli-spinner@^0.2.1', null ]
silly cache add: name, spec, args [ undefined,
silly cache add: name, spec, args   'cli-spinner@^0.2.1',
silly cache add: name, spec, args   [ 'cli-spinner@^0.2.1', null ] ]
verbose parsed url { pathname: 'cli-spinner@^0.2.1',
verbose parsed url   path: 'cli-spinner@^0.2.1',
verbose parsed url   href: 'cli-spinner@^0.2.1' }
silly cache add: name, spec, args [ 'cli-spinner', '^0.2.1', [ 'cli-spinner', '^0.2.1' ] ]
verbose parsed url { pathname: '^0.2.1', path: '^0.2.1', href: '^0.2.1' }
verbose addNamed [ 'cli-spinner', '^0.2.1' ]
verbose addNamed [ null, null ]
info addNameTag [ 'cli-spinner', '^0.2.1' ]
verbose cache add [ 'html-to-text@^1.3.0', null ]
silly cache add: name, spec, args [ undefined,
silly cache add: name, spec, args   'html-to-text@^1.3.0',
silly cache add: name, spec, args   [ 'html-to-text@^1.3.0', null ] ]
verbose parsed url { pathname: 'html-to-text@^1.3.0',
verbose parsed url   path: 'html-to-text@^1.3.0',
verbose parsed url   href: 'html-to-text@^1.3.0' }
silly cache add: name, spec, args [ 'html-to-text', '^1.3.0', [ 'html-to-text', '^1.3.0' ] ]
verbose parsed url { pathname: '^1.3.0', path: '^1.3.0', href: '^1.3.0' }
verbose addNamed [ 'html-to-text', '^1.3.0' ]
verbose addNamed [ null, null ]
info addNameTag [ 'html-to-text', '^1.3.0' ]
verbose cache add [ 'moment@^2.10.3', null ]
silly cache add: name, spec, args [ undefined, 'moment@^2.10.3', [ 'moment@^2.10.3', null ] ]
verbose parsed url { pathname: 'moment@^2.10.3',
verbose parsed url   path: 'moment@^2.10.3',
verbose parsed url   href: 'moment@^2.10.3' }
silly cache add: name, spec, args [ 'moment', '^2.10.3', [ 'moment', '^2.10.3' ] ]
verbose parsed url { pathname: '^2.10.3', path: '^2.10.3', href: '^2.10.3' }
verbose addNamed [ 'moment', '^2.10.3' ]
verbose addNamed [ null, null ]
info addNameTag [ 'moment', '^2.10.3' ]
verbose cache add [ 'restler@^3.2.2', null ]
silly cache add: name, spec, args [ undefined, 'restler@^3.2.2', [ 'restler@^3.2.2', null ] ]
verbose parsed url { pathname: 'restler@^3.2.2',
verbose parsed url   path: 'restler@^3.2.2',
verbose parsed url   href: 'restler@^3.2.2' }
silly cache add: name, spec, args [ 'restler', '^3.2.2', [ 'restler', '^3.2.2' ] ]
verbose parsed url { pathname: '^3.2.2', path: '^3.2.2', href: '^3.2.2' }
verbose addNamed [ 'restler', '^3.2.2' ]
verbose addNamed [ null, null ]
info addNameTag [ 'restler', '^3.2.2' ]
verbose raw, before any munging cli-spinner
verbose url resolving [ 'http://registry.npmjs.org/', './cli-spinner' ]
verbose url resolved http://registry.npmjs.org/cli-spinner
http GET http://registry.npmjs.org/cli-spinner
verbose cache add [ 'wordwrap@^1.0.0', null ]
silly cache add: name, spec, args [ undefined, 'wordwrap@^1.0.0', [ 'wordwrap@^1.0.0', null ] ]
verbose parsed url { pathname: 'wordwrap@^1.0.0',
verbose parsed url   path: 'wordwrap@^1.0.0',
verbose parsed url   href: 'wordwrap@^1.0.0' }
silly cache add: name, spec, args [ 'wordwrap', '^1.0.0', [ 'wordwrap', '^1.0.0' ] ]
verbose parsed url { pathname: '^1.0.0', path: '^1.0.0', href: '^1.0.0' }
verbose addNamed [ 'wordwrap', '^1.0.0' ]
verbose addNamed [ null, null ]
info addNameTag [ 'wordwrap', '^1.0.0' ]
verbose raw, before any munging html-to-text
verbose url resolving [ 'http://registry.npmjs.org/', './html-to-text' ]
verbose url resolved http://registry.npmjs.org/html-to-text
http GET http://registry.npmjs.org/html-to-text
verbose raw, before any munging moment
verbose url resolving [ 'http://registry.npmjs.org/', './moment' ]
verbose url resolved http://registry.npmjs.org/moment
http GET http://registry.npmjs.org/moment
verbose raw, before any munging restler
verbose url resolving [ 'http://registry.npmjs.org/', './restler' ]
verbose url resolved http://registry.npmjs.org/restler
http GET http://registry.npmjs.org/restler
verbose cache add [ 'yargs@^3.9.1', null ]
silly cache add: name, spec, args [ undefined, 'yargs@^3.9.1', [ 'yargs@^3.9.1', null ] ]
verbose parsed url { pathname: 'yargs@^3.9.1',
verbose parsed url   path: 'yargs@^3.9.1',
verbose parsed url   href: 'yargs@^3.9.1' }
silly cache add: name, spec, args [ 'yargs', '^3.9.1', [ 'yargs', '^3.9.1' ] ]
verbose parsed url { pathname: '^3.9.1', path: '^3.9.1', href: '^3.9.1' }
verbose addNamed [ 'yargs', '^3.9.1' ]
verbose addNamed [ null, null ]
info addNameTag [ 'yargs', '^3.9.1' ]
verbose raw, before any munging wordwrap
verbose url resolving [ 'http://registry.npmjs.org/', './wordwrap' ]
verbose url resolved http://registry.npmjs.org/wordwrap
http GET http://registry.npmjs.org/wordwrap
verbose raw, before any munging yargs
verbose url resolving [ 'http://registry.npmjs.org/', './yargs' ]
verbose url resolved http://registry.npmjs.org/yargs
http GET http://registry.npmjs.org/yargs
http 200 http://registry.npmjs.org/cli-color
silly get cb [ 200,
silly get cb   { server: 'CouchDB/1.5.0 (Erlang OTP/R16B03)',
silly get cb     etag: '"1XFPC0AP6SWK115SIJCVJ1IO1"',
silly get cb     'content-type': 'application/json',
silly get cb     'cache-control': 'max-age=60',
silly get cb     'content-length': '55293',
silly get cb     'accept-ranges': 'bytes',
silly get cb     date: 'Sun, 28 Jun 2015 17:55:33 GMT',
silly get cb     via: '1.1 varnish',
silly get cb     age: '12',
silly get cb     connection: 'keep-alive',
silly get cb     'x-served-by': 'cache-dfw1833-DFW',
silly get cb     'x-cache': 'HIT',
silly get cb     'x-cache-hits': '1',
silly get cb     'x-timer': 'S1435514133.470075,VS0,VE0',
silly get cb     vary: 'Accept' } ]
verbose mkdir (expected) error ENOENT, no such file or directory '/home/vagrant/.npm/cli-color'
verbose mkdir done: /home/vagrant/.npm/cli-color 755
verbose about to build /usr/local/lib/node_modules/meduza
ERR! error installing meduza@1.2.3
info unbuild /usr/local/lib/node_modules/meduza
verbose from cache /usr/local/lib/node_modules/meduza/package.json
info preuninstall meduza@1.2.3
info uninstall meduza@1.2.3
verbose unbuild meduza@1.2.3 [ true,
verbose unbuild meduza@1.2.3   '/usr/local/lib/node_modules',
verbose unbuild meduza@1.2.3   '/usr/local/lib/node_modules' ]
verbose binRoot [ '/usr/local/bin', { meduza: 'meduza.js' } ]
info postuninstall meduza@1.2.3
verbose installOne cb meduza@1.2.3
ERR! Error: No compatible version found: cli-color@'^1.0.0'
ERR! Valid install targets:
ERR! ["0.1.0","0.1.1","0.1.2","0.1.3","0.1.4","0.1.5","0.1.6","0.1.7","0.2.0","0.2.1","0.2.2","0.2.3","0.3.0","0.3.1","0.3.2","0.3.3","1.0.0"]
ERR!     at installTargetsError (/usr/share/npm/lib/cache.js:488:10)
ERR!     at /usr/share/npm/lib/cache.js:375:15
ERR!     at saved (/usr/share/npm/lib/utils/npm-registry-client/get.js:147:7)
ERR!     at Object.oncomplete (/usr/lib/nodejs/graceful-fs.js:230:7)
ERR! You may report this log at:
ERR!     <http://bugs.debian.org/npm>
ERR! or use
ERR!     reportbug --attach /home/vagrant/parsing/npm-debug.log npm
ERR! 
ERR! System Linux 3.2.0-23-generic-pae
ERR! command "node" "/usr/bin/npm" "install" "-g" "meduza"
ERR! cwd /home/vagrant/parsing
ERR! node -v v0.6.12
ERR! npm -v 1.1.4
ERR! message No compatible version found: cli-color@'^1.0.0'
ERR! message Valid install targets:
ERR! message ["0.1.0","0.1.1","0.1.2","0.1.3","0.1.4","0.1.5","0.1.6","0.1.7","0.2.0","0.2.1","0.2.2","0.2.3","0.3.0","0.3.1","0.3.2","0.3.3","1.0.0"]
verbose exit [ 1, true ]
